<?xml version="1.0" encoding="UTF-8"?>
<!-- Generated by org.testng.reporters.JUnitReportReporter -->
<testsuite hostname="H5" name="RegressionSuite.TC49ToTC56" tests="6" failures="0" timestamp="14 Jul 2016 11:16:07 GMT" time="323.233" errors="0">
  <testcase name="CloseWindow" time="1.125" classname="RegressionSuite.TC49ToTC56"/>
  <testcase name="verifyImagery1" time="99.244" classname="RegressionSuite.TC49ToTC56"/>
  <testcase name="verifyImagery3" time="24.590" classname="RegressionSuite.TC49ToTC56"/>
  <testcase name="verifyImagery2" time="44.845" classname="RegressionSuite.TC49ToTC56"/>
  <testcase name="beforeTest" time="49.117" classname="RegressionSuite.TC49ToTC56"/>
  <testcase name="verifyImagery4" time="104.312" classname="RegressionSuite.TC49ToTC56"/>
</testsuite> <!-- RegressionSuite.TC49ToTC56 -->
