<?xml version="1.0" encoding="UTF-8"?>
<!-- Generated by org.testng.reporters.JUnitReportReporter -->
<testsuite hostname="H5" name="RegressionSuite.TC48To57" tests="4" failures="0" timestamp="12 Jul 2016 10:35:36 GMT" time="280.864" errors="0">
  <testcase name="verifyImagery2" time="45.869" classname="RegressionSuite.TC48To57"/>
  <testcase name="verifyImagery4" time="111.921" classname="RegressionSuite.TC48To57"/>
  <testcase name="verifyImagery1" time="98.558" classname="RegressionSuite.TC48To57"/>
  <testcase name="verifyImagery3" time="24.516" classname="RegressionSuite.TC48To57"/>
</testsuite> <!-- RegressionSuite.TC48To57 -->
