<?xml version="1.0" encoding="UTF-8"?>
<!-- Generated by org.testng.reporters.JUnitReportReporter -->
<testsuite hostname="H5" name="RegressionSuite.TC04" tests="5" failures="0" timestamp="30 Jun 2016 05:42:12 GMT" time="74.368" errors="0">
  <testcase name="CloseWindow" time="1.134" classname="RegressionSuite.TC04"/>
  <testcase name="verifyOTHERTab" time="12.784" classname="RegressionSuite.TC04"/>
  <testcase name="verifyPHYSICALSETTINGSTab" time="34.563" classname="RegressionSuite.TC04"/>
  <testcase name="verifySummaryTab" time="5.789" classname="RegressionSuite.TC04"/>
  <testcase name="verifyFINDINGSTab" time="20.098" classname="RegressionSuite.TC04"/>
</testsuite> <!-- RegressionSuite.TC04 -->
