<?xml version="1.0" encoding="UTF-8"?>
<!-- Generated by org.testng.reporters.JUnitReportReporter -->
<testsuite hostname="H5" name="package1.NewTest" tests="1" failures="0" timestamp="12 May 2016 09:30:07 GMT" time="0.013" errors="0">
  <testcase name="f" time="0.013" classname="package1.NewTest"/>
</testsuite> <!-- package1.NewTest -->
