<?xml version="1.0" encoding="UTF-8"?>
<!-- Generated by org.testng.reporters.JUnitReportReporter -->
<testsuite hostname="H5" name="RegressionSuite.TC01" tests="5" failures="0" timestamp="30 Jun 2016 04:55:52 GMT" time="93.564" errors="0">
  <testcase name="verifyTaxmapTab" time="5.540" classname="RegressionSuite.TC01"/>
  <testcase name="verifyBASEMAP" time="34.645" classname="RegressionSuite.TC01"/>
  <testcase name="verifyHISTORICALTab" time="27.394" classname="RegressionSuite.TC01"/>
  <testcase name="CloseWindow" time="0.223" classname="RegressionSuite.TC01"/>
  <testcase name="verifyTOPOTab" time="25.762" classname="RegressionSuite.TC01"/>
</testsuite> <!-- RegressionSuite.TC01 -->
