<?xml version="1.0" encoding="UTF-8"?>
<!-- Generated by org.testng.reporters.JUnitReportReporter -->
<testsuite hostname="H5" name="RegressionSuite.NewTest" tests="1" failures="0" timestamp="12 May 2016 09:39:31 GMT" time="0.016" errors="0">
  <testcase name="f" time="0.016" classname="RegressionSuite.NewTest"/>
</testsuite> <!-- RegressionSuite.NewTest -->
