<?xml version="1.0" encoding="UTF-8"?>
<!-- Generated by org.testng.reporters.JUnitReportReporter -->
<testsuite hostname="H5" name="RegressionSuite.TC08" tests="2" failures="0" timestamp="30 Jun 2016 06:55:44 GMT" time="89.021" errors="0">
  <testcase name="verifyAddRemoveColumnFilter" time="88.802" classname="RegressionSuite.TC08"/>
  <testcase name="CloseWindow" time="0.219" classname="RegressionSuite.TC08"/>
</testsuite> <!-- RegressionSuite.TC08 -->
