<?xml version="1.0" encoding="UTF-8"?>
<!-- Generated by org.testng.reporters.JUnitReportReporter -->
<testsuite hostname="H5" name="RegressionSuite.TC23To27" tests="5" failures="0" timestamp="13 Jul 2016 08:56:48 GMT" time="202.935" errors="0">
  <testcase name="verifyHighLightFlagFilter" time="93.542" classname="RegressionSuite.TC23To27"/>
  <testcase name="verifyDistDirLink" time="23.676" classname="RegressionSuite.TC23To27"/>
  <testcase name="verifyOTHERDataTab" time="29.520" classname="RegressionSuite.TC23To27"/>
  <testcase name="CloseWindow" time="0.287" classname="RegressionSuite.TC23To27"/>
  <testcase name="verifySlideOut" time="55.910" classname="RegressionSuite.TC23To27"/>
</testsuite> <!-- RegressionSuite.TC23To27 -->
