<?xml version="1.0" encoding="UTF-8"?>
<!-- Generated by org.testng.reporters.JUnitReportReporter -->
<testsuite hostname="H5" name="RegressionSuite.TC10" tests="2" failures="0" timestamp="14 Jul 2016 11:16:06 GMT" time="61.033" errors="0">
  <testcase name="CloseWindow" time="0.241" classname="RegressionSuite.TC10"/>
  <testcase name="verifyListWidthFeature" time="60.792" classname="RegressionSuite.TC10"/>
</testsuite> <!-- RegressionSuite.TC10 -->
