<?xml version="1.0" encoding="UTF-8"?>
<!-- Generated by org.testng.reporters.JUnitReportReporter -->
<testsuite hostname="H5" name="RegressionSuite.TC12" tests="3" failures="0" timestamp="14 Jul 2016 11:16:07 GMT" time="136.242" errors="0">
  <testcase name="verifyAddRemoveColumnFilter" time="89.234" classname="RegressionSuite.TC12"/>
  <testcase name="CloseWindow" time="1.211" classname="RegressionSuite.TC12"/>
  <testcase name="beforeTest" time="45.797" classname="RegressionSuite.TC12"/>
</testsuite> <!-- RegressionSuite.TC12 -->
