<?xml version="1.0" encoding="UTF-8"?>
<!-- Generated by org.testng.reporters.JUnitReportReporter -->
<testsuite hostname="H5" name="RegressionSuite.TC10To11" tests="3" failures="0" timestamp="30 Jun 2016 07:48:56 GMT" time="121.104" errors="0">
  <testcase name="verifyDBLinks" time="25.016" classname="RegressionSuite.TC10To11"/>
  <testcase name="verifySlideOut" time="95.658" classname="RegressionSuite.TC10To11"/>
  <testcase name="CloseWindow" time="0.430" classname="RegressionSuite.TC10To11"/>
</testsuite> <!-- RegressionSuite.TC10To11 -->
