<?xml version="1.0" encoding="UTF-8"?>
<!-- Generated by org.testng.reporters.JUnitReportReporter -->
<testsuite hostname="H5" name="RegressionSuite.TC46" tests="3" failures="0" timestamp="14 Jul 2016 11:16:06 GMT" time="99.454" errors="0">
  <testcase name="verifyAddRemoveColumnFilter" time="27.995" classname="RegressionSuite.TC46"/>
  <testcase name="beforeTest" time="71.249" classname="RegressionSuite.TC46"/>
  <testcase name="CloseWindow" time="0.210" classname="RegressionSuite.TC46"/>
</testsuite> <!-- RegressionSuite.TC46 -->
