<?xml version="1.0" encoding="UTF-8"?>
<!-- Generated by org.testng.reporters.JUnitReportReporter -->
<testsuite hostname="H5" name="RegressionSuite.TC01ToTC04" tests="5" failures="0" timestamp="14 Jul 2016 11:16:07 GMT" time="141.847" errors="0">
  <testcase name="verifyHISTORICALTab" time="27.493" classname="RegressionSuite.TC01ToTC04"/>
  <testcase name="verifyTOPOTab" time="25.853" classname="RegressionSuite.TC01ToTC04"/>
  <testcase name="beforeTest" time="47.930" classname="RegressionSuite.TC01ToTC04"/>
  <testcase name="verifyTaxmapTab" time="5.494" classname="RegressionSuite.TC01ToTC04"/>
  <testcase name="verifyBASEMAP" time="35.077" classname="RegressionSuite.TC01ToTC04"/>
</testsuite> <!-- RegressionSuite.TC01ToTC04 -->
