<?xml version="1.0" encoding="UTF-8"?>
<!-- Generated by org.testng.reporters.JUnitReportReporter -->
<testsuite hostname="H5" name="RegressionSuite.TC05" tests="1" failures="0" timestamp="14 Jul 2016 11:16:06 GMT" time="48.289" errors="0">
  <testcase name="listViewExpandCollapse" time="48.289" classname="RegressionSuite.TC05"/>
</testsuite> <!-- RegressionSuite.TC05 -->
