<?xml version="1.0" encoding="UTF-8"?>
<!-- Generated by org.testng.reporters.JUnitReportReporter -->
<testsuite hostname="H5" name="RegressionSuite.TC11" tests="3" failures="0" timestamp="14 Jul 2016 11:16:06 GMT" time="226.277" errors="0">
  <testcase name="beforeTest" time="125.604" classname="RegressionSuite.TC11"/>
  <testcase name="verifyHighLightFlagFilter" time="100.478" classname="RegressionSuite.TC11"/>
  <testcase name="CloseWindow" time="0.195" classname="RegressionSuite.TC11"/>
</testsuite> <!-- RegressionSuite.TC11 -->
