<?xml version="1.0" encoding="UTF-8"?>
<!-- Generated by org.testng.reporters.JUnitReportReporter -->
<testsuite hostname="H5" name="RegressionSuite.TC23ToTC26" tests="6" failures="0" timestamp="14 Jul 2016 11:16:06 GMT" time="289.377" errors="0">
  <testcase name="verifyTitle" time="33.965" classname="RegressionSuite.TC23ToTC26"/>
  <testcase name="CloseWindow" time="0.426" classname="RegressionSuite.TC23ToTC26"/>
  <testcase name="verifyPopoutLink" time="28.064" classname="RegressionSuite.TC23ToTC26"/>
  <testcase name="verifySlideOut" time="44.826" classname="RegressionSuite.TC23ToTC26"/>
  <testcase name="beforeTest" time="70.215" classname="RegressionSuite.TC23ToTC26"/>
  <testcase name="verifyHighLightFlagFilter" time="111.881" classname="RegressionSuite.TC23ToTC26"/>
</testsuite> <!-- RegressionSuite.TC23ToTC26 -->
