<?xml version="1.0" encoding="UTF-8"?>
<!-- Generated by org.testng.reporters.JUnitReportReporter -->
<testsuite hostname="H5" name="RegressionSuite.TC14" tests="1" failures="0" timestamp="29 Jun 2016 07:18:20 GMT" time="107.625" errors="0">
  <testcase name="verifyFilters" time="107.625" classname="RegressionSuite.TC14"/>
</testsuite> <!-- RegressionSuite.TC14 -->
