<?xml version="1.0" encoding="UTF-8"?>
<!-- Generated by org.testng.reporters.JUnitReportReporter -->
<testsuite hostname="H5" name="RegressionSuite.TC06ToTC09" tests="4" failures="0" timestamp="14 Jul 2016 11:16:07 GMT" time="76.814" errors="0">
  <testcase name="verifyOTHERTab" time="14.039" classname="RegressionSuite.TC06ToTC09"/>
  <testcase name="verifySummaryTab" time="6.264" classname="RegressionSuite.TC06ToTC09"/>
  <testcase name="verifyFINDINGSTab" time="21.098" classname="RegressionSuite.TC06ToTC09"/>
  <testcase name="verifyPHYSICALSETTINGSTab" time="35.413" classname="RegressionSuite.TC06ToTC09"/>
</testsuite> <!-- RegressionSuite.TC06ToTC09 -->
