<?xml version="1.0" encoding="UTF-8"?>
<!-- Generated by org.testng.reporters.JUnitReportReporter -->
<testsuite hostname="H5" name="RegressionSuite.TC45" tests="3" failures="0" timestamp="14 Jul 2016 11:16:06 GMT" time="145.436" errors="0">
  <testcase name="beforeTest" time="85.045" classname="RegressionSuite.TC45"/>
  <testcase name="CloseWindow" time="0.317" classname="RegressionSuite.TC45"/>
  <testcase name="verifyAddRemoveColumnFilter" time="60.074" classname="RegressionSuite.TC45"/>
</testsuite> <!-- RegressionSuite.TC45 -->
