<?xml version="1.0" encoding="UTF-8"?>
<!-- Generated by org.testng.reporters.JUnitReportReporter -->
<testsuite hostname="H5" name="RegressionSuite.TC38" tests="1" failures="0" timestamp="13 Jul 2016 08:22:40 GMT" time="57.549" errors="0">
  <testcase name="verifyAddRemoveColumnFilter" time="57.549" classname="RegressionSuite.TC38"/>
</testsuite> <!-- RegressionSuite.TC38 -->
