<?xml version="1.0" encoding="UTF-8"?>
<!-- Generated by org.testng.reporters.JUnitReportReporter -->
<testsuite hostname="H5" name="RegressionSuite.TC21" tests="4" failures="0" timestamp="20 Jun 2016 11:47:29 GMT" time="223.310" errors="0">
  <testcase name="verifyHighLightFlagFilter" time="100.564" classname="RegressionSuite.TC21"/>
  <testcase name="verifyDistDirLink" time="23.731" classname="RegressionSuite.TC21"/>
  <testcase name="verifySoilDataTab" time="28.924" classname="RegressionSuite.TC21"/>
  <testcase name="verifySlideOut" time="70.091" classname="RegressionSuite.TC21"/>
</testsuite> <!-- RegressionSuite.TC21 -->
