<?xml version="1.0" encoding="UTF-8"?>
<!-- Generated by org.testng.reporters.JUnitReportReporter -->
<testsuite hostname="H5" name="RegressionSuite.TC02" tests="2" failures="0" timestamp="30 Jun 2016 05:04:59 GMT" time="41.618" errors="0">
  <testcase name="listViewExpandCollapse" time="40.456" classname="RegressionSuite.TC02"/>
  <testcase name="CloseWindow" time="1.162" classname="RegressionSuite.TC02"/>
</testsuite> <!-- RegressionSuite.TC02 -->
