<?xml version="1.0" encoding="UTF-8"?>
<!-- Generated by org.testng.reporters.JUnitReportReporter -->
<testsuite hostname="H5" name="RegressionSuite.TC37ToTC40" tests="6" failures="0" timestamp="14 Jul 2016 11:16:06 GMT" time="257.949" errors="0">
  <testcase name="CloseWindow" time="1.132" classname="RegressionSuite.TC37ToTC40"/>
  <testcase name="verifyHighLightFlagFilter" time="96.910" classname="RegressionSuite.TC37ToTC40"/>
  <testcase name="verifySlideOut" time="56.373" classname="RegressionSuite.TC37ToTC40"/>
  <testcase name="verifyDistDirLink" time="23.843" classname="RegressionSuite.TC37ToTC40"/>
  <testcase name="verifyOTHERDataTab" time="29.151" classname="RegressionSuite.TC37ToTC40"/>
  <testcase name="beforeTest" time="50.540" classname="RegressionSuite.TC37ToTC40"/>
</testsuite> <!-- RegressionSuite.TC37ToTC40 -->
