<?xml version="1.0" encoding="UTF-8"?>
<!-- Generated by org.testng.reporters.JUnitReportReporter -->
<testsuite hostname="H5" name="RegressionSuite.TC39To43" tests="5" failures="0" timestamp="13 Jul 2016 08:20:01 GMT" time="215.999" errors="0">
  <testcase name="verifyHighLightFlagFilter" time="111.899" classname="RegressionSuite.TC39To43"/>
  <testcase name="CloseWindow" time="0.291" classname="RegressionSuite.TC39To43"/>
  <testcase name="verifySlideOut" time="42.071" classname="RegressionSuite.TC39To43"/>
  <testcase name="verifyFilters" time="34.103" classname="RegressionSuite.TC39To43"/>
  <testcase name="verifyPopoutLink" time="27.635" classname="RegressionSuite.TC39To43"/>
</testsuite> <!-- RegressionSuite.TC39To43 -->
