<?xml version="1.0" encoding="UTF-8"?>
<!-- Generated by org.testng.reporters.JUnitReportReporter -->
<testsuite hostname="H5" name="RegressionSuite.TC12To13" tests="3" failures="0" timestamp="4 Jul 2016 12:01:04 GMT" time="114.522" errors="0">
  <testcase name="CloseWindow" time="0.429" classname="RegressionSuite.TC12To13"/>
  <testcase name="verifyFilters" time="86.346" classname="RegressionSuite.TC12To13"/>
  <testcase name="verifyPopoutLink" time="27.747" classname="RegressionSuite.TC12To13"/>
</testsuite> <!-- RegressionSuite.TC12To13 -->
