<?xml version="1.0" encoding="UTF-8"?>
<!-- Generated by org.testng.reporters.JUnitReportReporter -->
<testsuite hostname="H5" name="RegressionSuite.TC15To17" tests="4" failures="0" timestamp="13 Jul 2016 09:04:39 GMT" time="135.143" errors="0">
  <testcase name="verifyColumnAdjustmentFeature" time="77.063" classname="RegressionSuite.TC15To17"/>
  <testcase name="verifyORPHANRecordCount" time="20.131" classname="RegressionSuite.TC15To17"/>
  <testcase name="verifyFilters" time="36.841" classname="RegressionSuite.TC15To17"/>
  <testcase name="CloseWindow" time="1.108" classname="RegressionSuite.TC15To17"/>
</testsuite> <!-- RegressionSuite.TC15To17 -->
