<?xml version="1.0" encoding="UTF-8"?>
<!-- Generated by org.testng.reporters.JUnitReportReporter -->
<testsuite hostname="H5" name="RegressionSuite.TC15" tests="3" failures="0" timestamp="17 Jun 2016 09:23:52 GMT" time="134.053" errors="0">
  <testcase name="verifyORPHANRecordCount" time="20.226" classname="RegressionSuite.TC15"/>
  <testcase name="verifyFilters" time="36.897" classname="RegressionSuite.TC15"/>
  <testcase name="verifyColumnAdjustmentFeature" time="76.930" classname="RegressionSuite.TC15"/>
</testsuite> <!-- RegressionSuite.TC15 -->
