<?xml version="1.0" encoding="UTF-8"?>
<!-- Generated by org.testng.reporters.JUnitReportReporter -->
<testsuite hostname="H5" name="RegressionSuite.TC16" tests="1" failures="0" timestamp="17 Jun 2016 11:07:34 GMT" time="110.938" errors="0">
  <testcase name="verifyHighLightFlagFilter" time="110.938" classname="RegressionSuite.TC16"/>
</testsuite> <!-- RegressionSuite.TC16 -->
