<?xml version="1.0" encoding="UTF-8"?>
<!-- Generated by org.testng.reporters.JUnitReportReporter -->
<testsuite hostname="H5" name="RegressionSuite.TC47" tests="12" failures="0" timestamp="14 Jul 2016 11:16:06 GMT" time="265.541" errors="0">
  <testcase name="beforeTest" time="61.074" classname="RegressionSuite.TC47"/>
  <testcase name="verifyMapMarkerPOIMarker" time="23.618" classname="RegressionSuite.TC47"/>
  <testcase name="verifyMapMarkerMAPFINDINGSMarker" time="31.869" classname="RegressionSuite.TC47"/>
  <testcase name="verifyMapMarkersList" time="71.251" classname="RegressionSuite.TC47"/>
  <testcase name="verifyMapMarkerWATERWELLSMarker" time="5.852" classname="RegressionSuite.TC47"/>
  <testcase name="verifyMapMarkerBULDPERMITMarker" time="16.004" classname="RegressionSuite.TC47"/>
  <testcase name="verifyMapMarkerAQUIFLOWMarker" time="5.500" classname="RegressionSuite.TC47"/>
  <testcase name="verifyMapMarkerOILGASMarker" time="5.814" classname="RegressionSuite.TC47"/>
  <testcase name="CloseWindow" time="0.227" classname="RegressionSuite.TC47"/>
  <testcase name="verifyMapMarkerTPMarker" time="29.303" classname="RegressionSuite.TC47"/>
  <testcase name="verifyMapMarkers" time="9.476" classname="RegressionSuite.TC47"/>
  <testcase name="verifyMapMarkerSOILMarker" time="5.553" classname="RegressionSuite.TC47"/>
</testsuite> <!-- RegressionSuite.TC47 -->
