<?xml version="1.0" encoding="UTF-8"?>
<!-- Generated by org.testng.reporters.JUnitReportReporter -->
<testsuite hostname="H5" name="RegressionSuite.TC18" tests="2" failures="0" timestamp="4 Jul 2016 10:30:02 GMT" time="111.214" errors="0">
  <testcase name="CloseWindow" time="0.227" classname="RegressionSuite.TC18"/>
  <testcase name="verifyHighLightFlagFilter" time="110.987" classname="RegressionSuite.TC18"/>
</testsuite> <!-- RegressionSuite.TC18 -->
