<?xml version="1.0" encoding="UTF-8"?>
<!-- Generated by org.testng.reporters.JUnitReportReporter -->
<testsuite hostname="H5" name="RegressionSuite.TC09" tests="2" failures="0" timestamp="4 Jul 2016 12:13:11 GMT" time="99.354" errors="0">
  <testcase name="verifyFilters" time="99.103" classname="RegressionSuite.TC09"/>
  <testcase name="CloseWindow" time="0.251" classname="RegressionSuite.TC09"/>
</testsuite> <!-- RegressionSuite.TC09 -->
