<?xml version="1.0" encoding="UTF-8"?>
<!-- Generated by org.testng.reporters.JUnitReportReporter -->
<testsuite hostname="H5" name="RegressionSuite.TC20" tests="1" failures="0" timestamp="20 Jun 2016 06:58:38 GMT" time="69.674" errors="0">
  <testcase name="verifyColumnAdjustmentFeature" time="69.674" classname="RegressionSuite.TC20"/>
</testsuite> <!-- RegressionSuite.TC20 -->
