<?xml version="1.0" encoding="UTF-8"?>
<!-- Generated by org.testng.reporters.JUnitReportReporter -->
<testsuite hostname="H5" name="RegressionSuite.TC03" tests="2" failures="0" timestamp="30 Jun 2016 05:12:25 GMT" time="47.640" errors="0">
  <testcase name="CloseWindow" time="0.245" classname="RegressionSuite.TC03"/>
  <testcase name="listViewExpandCollapse" time="47.395" classname="RegressionSuite.TC03"/>
</testsuite> <!-- RegressionSuite.TC03 -->
