<?xml version="1.0" encoding="UTF-8"?>
<!-- Generated by org.testng.reporters.JUnitReportReporter -->
<testsuite hostname="H5" name="RegressionSuite.TC46To47" tests="11" failures="0" timestamp="12 Jul 2016 12:11:18 GMT" time="329.802" errors="0">
  <testcase name="verifyMapMarkerTPMarker" time="15.215" classname="RegressionSuite.TC46To47"/>
  <testcase name="verifyMapMarkerSOILMarker" time="43.749" classname="RegressionSuite.TC46To47"/>
  <testcase name="CloseWindow" time="1.158" classname="RegressionSuite.TC46To47"/>
  <testcase name="verifyMapMarkerWATERWELLSMarker" time="42.882" classname="RegressionSuite.TC46To47"/>
  <testcase name="verifyMapMarkerOILGASMarker" time="42.421" classname="RegressionSuite.TC46To47"/>
  <testcase name="verifyMapMarkersList" time="69.568" classname="RegressionSuite.TC46To47"/>
  <testcase name="verifyMapMarkerMAPFINDINGSMarker" time="33.917" classname="RegressionSuite.TC46To47"/>
  <testcase name="verifyMapMarkers" time="8.771" classname="RegressionSuite.TC46To47"/>
  <testcase name="verifyMapMarkerPOIMarker" time="23.787" classname="RegressionSuite.TC46To47"/>
  <testcase name="verifyMapMarkerAQUIFLOWMarker" time="5.738" classname="RegressionSuite.TC46To47"/>
  <testcase name="verifyMapMarkerBULDPERMITMarker" time="42.596" classname="RegressionSuite.TC46To47"/>
</testsuite> <!-- RegressionSuite.TC46To47 -->
