<?xml version="1.0" encoding="UTF-8"?>
<!-- Generated by org.testng.reporters.JUnitReportReporter -->
<testsuite hostname="H5" name="RegressionSuite.TC07" tests="2" failures="0" timestamp="30 Jun 2016 06:43:49 GMT" time="93.393" errors="0">
  <testcase name="verifyHighLightFlagFilter" time="93.159" classname="RegressionSuite.TC07"/>
  <testcase name="CloseWindow" time="0.234" classname="RegressionSuite.TC07"/>
</testsuite> <!-- RegressionSuite.TC07 -->
