<?xml version="1.0" encoding="UTF-8"?>
<!-- Generated by org.testng.reporters.JUnitReportReporter -->
<testsuite hostname="H5" name="RegressionSuite.TC18ToTC22" tests="7" failures="0" timestamp="14 Jul 2016 11:16:06 GMT" time="304.279" errors="0">
  <testcase name="verifyColumnAdjustmentFeature" time="77.846" classname="RegressionSuite.TC18ToTC22"/>
  <testcase name="verifySlideout" time="0.002" classname="RegressionSuite.TC18ToTC22"/>
  <testcase name="verifyHighlightFilter" time="111.433" classname="RegressionSuite.TC18ToTC22"/>
  <testcase name="verifyORPHANRecordCount" time="20.472" classname="RegressionSuite.TC18ToTC22"/>
  <testcase name="CloseWindow" time="0.320" classname="RegressionSuite.TC18ToTC22"/>
  <testcase name="beforeTest" time="57.128" classname="RegressionSuite.TC18ToTC22"/>
  <testcase name="verifyTitle" time="37.078" classname="RegressionSuite.TC18ToTC22"/>
</testsuite> <!-- RegressionSuite.TC18ToTC22 -->
