<?xml version="1.0" encoding="UTF-8"?>
<!-- Generated by org.testng.reporters.JUnitReportReporter -->
<testsuite hostname="H5" name="RegressionSuite.TC48" tests="3" failures="0" timestamp="14 Jul 2016 11:16:07 GMT" time="167.387" errors="0">
  <testcase name="beforeTest" time="50.932" classname="RegressionSuite.TC48"/>
  <testcase name="verifyMapMarkers" time="116.131" classname="RegressionSuite.TC48"/>
  <testcase name="CloseWindow" time="0.324" classname="RegressionSuite.TC48"/>
</testsuite> <!-- RegressionSuite.TC48 -->
