<?xml version="1.0" encoding="UTF-8"?>
<!-- Generated by org.testng.reporters.JUnitReportReporter -->
<testsuite hostname="H5" name="RegressionSuite.TC58" tests="2" failures="0" timestamp="12 Jul 2016 05:39:47 GMT" time="111.631" errors="0">
  <testcase name="verifyMapMarkers" time="111.261" classname="RegressionSuite.TC58"/>
  <testcase name="CloseWindow" time="0.370" classname="RegressionSuite.TC58"/>
</testsuite> <!-- RegressionSuite.TC58 -->
